<?xml version="1.0" encoding="UTF-8"?>
<!-- Generated by org.testng.reporters.JUnitReportReporter -->
<testsuite hostname="TI-R-A0001" failures="0" tests="1" name="basics.SumValidation" time="1.719" errors="0" timestamp="2024-03-26T13:03:24 IST" skipped="0">
  <testcase classname="basics.SumValidation" name="sumOfCourses" time="1.719"/>
  <system-out/>
</testsuite> <!-- basics.SumValidation -->
