<?xml version="1.0" encoding="UTF-8"?>
<!-- Generated by org.testng.reporters.JUnitReportReporter -->
<testsuite hostname="TI-R-A0001" failures="0" tests="1" name="basics.DynamicJson" time="2.477" errors="0" timestamp="2024-03-27T11:54:01 IST" skipped="0">
  <testcase classname="basics.DynamicJson" name="addBook" time="2.477"/>
  <system-out/>
</testsuite> <!-- basics.DynamicJson -->
